Start testing: Sep 11 20:19 +06
----------------------------------------------------------
1/2 Testing: kio_hello
1/2 Test: kio_hello
Command: "/home/alpha/Downloads/kio-main (4)/build/kio" "/home/alpha/Downloads/kio-main (4)/examples/hello.kio"
Directory: /home/alpha/Downloads/kio-main (4)/build
"kio_hello" start time: Sep 11 20:19 +06
Output:
----------------------------------------------------------
42
kio
<end of output>
Test time =   0.00 sec
----------------------------------------------------------
Test Pass Reason:
Required regular expression found. Regex=[^42
kio
$]
"kio_hello" end time: Sep 11 20:19 +06
"kio_hello" time elapsed: 00:00:00
----------------------------------------------------------

2/2 Testing: kio_types
2/2 Test: kio_types
Command: "/home/alpha/Downloads/kio-main (4)/build/kio" "/home/alpha/Downloads/kio-main (4)/examples/type_test.kio"
Directory: /home/alpha/Downloads/kio-main (4)/build
"kio_types" start time: Sep 11 20:19 +06
Output:
----------------------------------------------------------
<end of output>
Test time =   0.00 sec
----------------------------------------------------------
Test Passed.
"kio_types" end time: Sep 11 20:19 +06
"kio_types" time elapsed: 00:00:00
----------------------------------------------------------

End testing: Sep 11 20:19 +06
